time="2021-04-23 16:20:16" level=info msg="1 Starting the application..."
time="2021-04-25 17:36:21" level=info msg="1 Starting the application..."
time="2021-04-25 17:38:58" level=info msg="1 Starting the application..."
time="2021-04-25 17:39:43" level=info msg="1 Starting the application..."
time="2021-04-25 17:40:11" level=info msg="1 Starting the application..."
time="2021-04-25 17:41:04" level=info msg="1 Starting the application..."
time="2021-04-25 18:24:11" level=info msg="1 Starting the application..."
time="2021-04-25 18:26:23" level=info msg="1 Starting the application..."
time="2021-04-25 18:47:18" level=info msg="1 Starting the application..."
time="2021-04-25 18:47:44" level=error msg="Sig: interrupt, stopping app"
time="2021-04-25 18:48:32" level=info msg="1 Starting the application..."
time="2021-04-25 18:48:58" level=error msg="Sig: interrupt, stopping app"
time="2021-04-25 18:49:00" level=info msg="1 Starting the application..."
time="2021-04-25 18:49:10" level=error msg="Sig: interrupt, stopping app"
time="2021-04-25 18:49:16" level=info msg="1 Starting the application..."
time="2021-04-25 18:49:19" level=error msg="Sig: interrupt, stopping app"
time="2021-04-25 18:49:28" level=info msg="1 Starting the application..."
time="2021-04-25 18:49:33" level=info msg="1 Starting the application..."
time="2021-04-25 18:50:17" level=info msg="1 Starting the application..."
time="2021-04-25 18:50:38" level=info msg="1 Starting the application..."
time="2021-04-25 18:51:11" level=info msg="1 Starting the application..."
time="2021-04-25 18:51:45" level=info msg="1 Starting the application..."
time="2021-04-25 18:51:57" level=error msg="Sig: interrupt, stopping app"
time="2021-04-25 18:51:59" level=info msg="1 Starting the application..."
time="2021-04-25 18:52:22" level=error msg="Sig: interrupt, stopping app"
time="2021-04-25 18:52:24" level=info msg="1 Starting the application..."
time="2021-04-25 18:53:21" level=error msg="Sig: interrupt, stopping app"
time="2021-04-25 18:53:23" level=info msg="1 Starting the application..."
time="2021-04-25 18:57:57" level=info msg="1 Starting the application..."
time="2021-04-25 18:58:08" level=error msg="Sig: interrupt, stopping app"
time="2021-04-25 18:58:10" level=info msg="1 Starting the application..."
time="2021-04-25 18:59:52" level=error msg="Sig: interrupt, stopping app"
time="2021-04-25 18:59:54" level=info msg="1 Starting the application..."
time="2021-04-25 19:00:12" level=error msg="Sig: interrupt, stopping app"
time="2021-04-25 19:04:02" level=info msg="1 Starting the application..."
time="2021-04-25 19:04:20" level=error msg="Sig: interrupt, stopping app"
time="2021-04-25 19:05:38" level=info msg="1 Starting the application..."
time="2021-04-25 19:05:55" level=error msg="Sig: interrupt, stopping app"
time="2021-04-25 19:05:57" level=info msg="1 Starting the application..."
time="2021-04-25 19:06:22" level=error msg="Sig: interrupt, stopping app"
time="2021-04-25 19:06:24" level=info msg="1 Starting the application..."
time="2021-04-25 19:06:29" level=error msg="Sig: interrupt, stopping app"
time="2021-04-25 19:07:09" level=info msg="1 Starting the application..."
time="2021-04-25 22:18:56" level=error msg="Sig: interrupt, stopping app"
time="2021-04-25 22:18:58" level=info msg="1 Starting the application..."
time="2021-04-25 22:19:17" level=error msg="Sig: interrupt, stopping app"
time="2021-04-25 22:19:19" level=info msg="1 Starting the application..."
time="2021-04-25 22:19:44" level=error msg="Sig: interrupt, stopping app"
time="2021-04-25 22:20:22" level=info msg="1 Starting the application..."
time="2021-04-25 22:20:53" level=error msg="Sig: interrupt, stopping app"
time="2021-04-25 22:25:00" level=info msg="1 Starting the application..."
time="2021-04-25 22:25:09" level=error msg="Sig: interrupt, stopping app"
time="2021-04-25 22:25:11" level=info msg="1 Starting the application..."
time="2021-04-25 22:25:19" level=error msg="Sig: interrupt, stopping app"
time="2021-04-25 22:25:21" level=info msg="1 Starting the application..."
time="2021-04-25 22:25:35" level=error msg="Sig: interrupt, stopping app"
time="2021-04-25 22:25:36" level=info msg="1 Starting the application..."
time="2021-04-25 22:25:40" level=error msg="Sig: interrupt, stopping app"
time="2021-04-25 22:25:51" level=info msg="1 Starting the application..."
time="2021-04-25 22:26:18" level=error msg="Sig: interrupt, stopping app"
time="2021-04-25 22:26:19" level=info msg="1 Starting the application..."
time="2021-04-25 22:26:46" level=error msg="Sig: interrupt, stopping app"
time="2021-04-25 22:26:47" level=info msg="1 Starting the application..."
time="2021-04-25 22:27:09" level=error msg="Sig: interrupt, stopping app"
time="2021-04-25 22:27:10" level=info msg="1 Starting the application..."
time="2021-04-25 22:27:41" level=error msg="Sig: interrupt, stopping app"
time="2021-04-25 22:27:58" level=info msg="1 Starting the application..."
time="2021-04-25 22:28:14" level=error msg="Sig: interrupt, stopping app"
time="2021-04-26 14:29:14" level=info msg="1 Starting the application..."
time="2021-04-26 14:29:27" level=error msg="Sig: interrupt, stopping app"
time="2021-04-26 14:30:23" level=info msg="1 Starting the application..."
time="2021-04-26 14:36:04" level=info msg="1 Starting the application..."
time="2021-04-26 14:38:30" level=info msg="1 Starting the application..."
time="2021-04-26 15:53:54" level=info msg="1 Starting the application..."
time="2021-04-26 16:01:46" level=info msg="1 Starting the application..."
time="2021-04-26 16:02:18" level=error msg="Sig: interrupt, stopping app"
time="2021-04-26 16:02:19" level=info msg="1 Starting the application..."
time="2021-04-26 16:04:10" level=error msg="Sig: interrupt, stopping app"
time="2021-04-26 16:04:12" level=info msg="1 Starting the application..."
time="2021-04-26 16:04:16" level=error msg="Sig: interrupt, stopping app"
time="2021-04-26 16:04:36" level=info msg="1 Starting the application..."
time="2021-04-26 16:04:45" level=error msg="Sig: interrupt, stopping app"
time="2021-04-26 16:05:54" level=info msg="1 Starting the application..."
time="2021-04-26 16:06:01" level=error msg="Sig: interrupt, stopping app"
time="2021-04-26 16:06:39" level=info msg="1 Starting the application..."
time="2021-04-26 16:07:02" level=error msg="Sig: interrupt, stopping app"
time="2021-04-26 16:07:04" level=info msg="1 Starting the application..."
time="2021-04-26 16:08:05" level=error msg="Sig: interrupt, stopping app"
time="2021-04-26 16:08:07" level=info msg="1 Starting the application..."
time="2021-04-26 16:09:38" level=error msg="Sig: interrupt, stopping app"
time="2021-04-26 16:09:41" level=info msg="1 Starting the application..."
time="2021-04-26 16:10:18" level=error msg="Sig: interrupt, stopping app"
time="2021-04-26 16:10:20" level=info msg="1 Starting the application..."
time="2021-04-26 16:10:29" level=error msg="Sig: interrupt, stopping app"
time="2021-04-26 16:10:30" level=info msg="1 Starting the application..."
time="2021-04-26 16:11:38" level=error msg="Sig: interrupt, stopping app"
time="2021-04-26 16:11:39" level=info msg="1 Starting the application..."
time="2021-04-26 16:12:35" level=error msg="Sig: interrupt, stopping app"
time="2021-04-26 16:12:36" level=info msg="1 Starting the application..."
time="2021-04-26 16:12:53" level=error msg="Sig: interrupt, stopping app"
time="2021-04-26 16:13:04" level=info msg="1 Starting the application..."
time="2021-04-26 16:13:12" level=error msg="Sig: interrupt, stopping app"
time="2021-04-26 16:13:34" level=info msg="1 Starting the application..."
time="2021-04-26 16:13:53" level=error msg="Sig: interrupt, stopping app"
time="2021-04-26 16:13:54" level=info msg="1 Starting the application..."
time="2021-04-26 16:16:14" level=error msg="Sig: interrupt, stopping app"
time="2021-04-26 16:32:12" level=info msg="1 Starting the application..."
time="2021-04-26 19:19:36" level=error msg="Sig: interrupt, stopping app"
time="2021-04-26 19:19:40" level=info msg="1 Starting the application..."
time="2021-04-26 19:23:47" level=info msg="1 Starting the application..."
time="2021-04-26 20:21:35" level=info msg="1 Starting the application..."
time="2021-04-26 20:22:07" level=error msg="Sig: interrupt, stopping app"
time="2021-04-26 20:23:14" level=info msg="1 Starting the application..."
time="2021-04-26 20:23:29" level=error msg="Sig: interrupt, stopping app"
time="2021-04-26 20:23:31" level=info msg="1 Starting the application..."
time="2021-04-26 20:24:06" level=error msg="Sig: interrupt, stopping app"
time="2021-04-26 20:24:24" level=info msg="1 Starting the application..."
time="2021-04-26 20:34:24" level=info msg="1 Starting the application..."
time="2021-04-26 21:00:21" level=info msg="1 Starting the application..."
time="2021-04-26 21:05:33" level=info msg="1 Starting the application...args string = third > 4.0 OR first = \"wwm\""
time="2021-04-26 21:06:01" level=error msg="Sig: interrupt, stopping app"
time="2021-04-26 21:06:03" level=info msg="1 Starting the application...args string = third > 4.0 AND first = \"wwm\""
time="2021-04-26 21:06:12" level=error msg="Sig: interrupt, stopping app"
time="2021-04-26 21:06:24" level=info msg="1 Starting the application...args string = third > 4.0 AND first = \"www\""
time="2021-04-26 21:07:02" level=error msg="Sig: interrupt, stopping app"
time="2021-04-26 21:07:04" level=info msg="1 Starting the application...args string = third > 4.0 AND first = \"www\" AND second = \"Kesha\""
time="2021-04-26 21:07:10" level=error msg="Sig: interrupt, stopping app"
time="2021-04-26 21:07:11" level=info msg="1 Starting the application...args string = third > 4.0 AND first = \"www\" AND second = \"Keshm\""
time="2021-04-26 21:07:14" level=error msg="Sig: interrupt, stopping app"
time="2021-04-26 21:07:28" level=info msg="1 Starting the application...args string = third > 4.0 AND first = \"www\" OR second = \"Keshm\""
time="2021-04-26 21:07:35" level=error msg="Sig: interrupt, stopping app"
time="2021-04-26 21:07:37" level=info msg="1 Starting the application...args string = third > 4.0 AND first = \"www\" OR secondd = \"Keshm\""
time="2021-04-26 21:12:09" level=info msg="1 Starting the application...args string = third > 4.0 AND first = \"www\" OR secondd = \"Keshm\""
time="2021-04-26 21:12:51" level=info msg="1 Starting the application...args string = third > 4.0 AND first = \"www\" GR secondd = \"Keshm\""
time="2021-04-26 21:13:13" level=info msg="1 Starting the application...args string = third > 4.0 AND first = \"www\" GR second = \"Keshm\""
time="2021-04-26 21:18:38" level=info msg="1 Starting the application...args string = third > 4.0 AND first = \"www\" GR second = \"Keshm\""
time="2021-04-26 21:19:44" level=info msg="1 Starting the application...args string = third > 4.0"
time="2021-04-26 21:19:52" level=error msg="Sig: interrupt, stopping app"
time="2021-04-26 21:19:54" level=info msg="1 Starting the application...args string = third > 4.4"
time="2021-04-26 21:21:34" level=error msg="Sig: interrupt, stopping app"
time="2021-04-26 21:21:35" level=info msg="1 Starting the application...args string = third = 4.4"
time="2021-04-26 21:21:49" level=error msg="Sig: interrupt, stopping app"
time="2021-04-26 21:21:51" level=info msg="1 Starting the application...args string = third = 4.4 AN first = \"www\" GR second = \"Keshm\""
time="2021-04-26 21:22:04" level=info msg="1 Starting the application...args string = third = 4.4 OR first = \"www\" GR second = \"Keshm\""
time="2021-04-26 21:22:23" level=info msg="1 Starting the application...args string = third = 4.4 OR first = \"www\" GR second = \"Kesha\""
time="2021-04-26 21:22:34" level=info msg="1 Starting the application...args string = third = 4.4 OR first = \"www\" OR second = \"Kesha\""
time="2021-04-26 21:22:51" level=error msg="Sig: interrupt, stopping app"
time="2021-04-26 21:22:52" level=info msg="1 Starting the application...args string = third = 4.4 OR first = \"www\" OR second = \"Keshm\""
time="2021-04-26 21:23:02" level=error msg="Sig: interrupt, stopping app"
time="2021-04-26 21:23:03" level=info msg="1 Starting the application...args string = third = 4.4 OR first = \"ww\" OR second = \"Keshm\""
time="2021-04-26 21:23:41" level=error msg="Sig: interrupt, stopping app"
time="2021-04-26 21:23:44" level=info msg="1 Starting the application...args string = third = 4.4 OR"
time="2021-04-26 21:24:32" level=info msg="1 Starting the application...args string = third = 4.4 OR"
time="2021-04-26 21:24:41" level=error msg="Sig: interrupt, stopping app"
time="2021-04-26 21:25:35" level=info msg="1 Starting the application...args string = third = 4.4"
time="2021-04-26 21:26:06" level=error msg="Sig: interrupt, stopping app"
time="2021-04-26 21:26:09" level=info msg="1 Starting the application...args string : third = 5.4"
time="2021-04-26 21:26:22" level=error msg="Sig: interrupt, stopping app"
time="2021-04-26 21:26:24" level=info msg="1 Starting the application...args string : third > 0.4"
time="2021-04-26 21:26:39" level=error msg="Sig: interrupt, stopping app"
time="2021-04-26 21:26:41" level=info msg="1 Starting the application...args string : third > 0.4 first = \"ww\" OR second = \"Keshm\""
time="2021-04-26 21:27:02" level=info msg="1 Starting the application...args string : third > 0.4 OR first = \"ww\" OR second = \"Keshm\""
time="2021-04-26 21:36:04" level=error msg="Sig: interrupt, stopping app"
time="2021-04-26 21:36:08" level=info msg="1 Starting the application...args string : third > 0.4 OR first = \"ww\" OR second = \"Keshm\""
time="2021-04-26 21:36:14" level=error msg="Sig: interrupt, stopping app"
time="2021-04-26 21:39:08" level=info msg="1 Starting the application...args string : latitude > 38.0"
time="2021-04-26 21:39:19" level=error msg="Sig: interrupt, stopping app"
time="2021-04-26 21:39:27" level=info msg="1 Starting the application...args string : latituded > 38.0"
time="2021-04-26 21:39:43" level=error msg="Sig: interrupt, stopping app"
time="2021-04-26 21:40:01" level=info msg="1 Starting the application...args string : latituded > 38.0"
time="2021-04-26 21:40:09" level=info msg="1 Starting the application...args string : latituded > 38.0"
time="2021-04-26 21:40:44" level=info msg="1 Starting the application...args string : latituded > 38.0"
time="2021-04-26 21:41:58" level=info msg="1 Starting the application...args string : latituded > 38.0"
time="2021-04-26 21:42:15" level=info msg="1 Starting the application...args string : latituded > 38.0"
time="2021-04-26 21:42:27" level=info msg="1 Starting the application...args string : latituded > 38.0"
time="2021-04-26 22:25:03" level=info msg="1 Starting the application...args string : address > 38.0"
time="2021-04-26 22:28:12" level=info msg="1 Starting the application...args string : address > 38.0"
time="2021-04-26 22:30:43" level=info msg="1 Starting the application...args string : t = \"MCDONALDS SYD AIR GAT MASCOT NSWAU\""
time="2021-04-26 22:32:29" level=info msg="1 Starting the application...args string : t = \"MCDONALDS SYD AIR GAT MASCOT NSWAU\""
time="2021-04-26 22:33:50" level=info msg="1 Starting the application...args string : t = \"MCDONALDS SYD AIR GAT MASCOT NSWAU\""
time="2021-04-26 23:01:54" level=info msg="1 Starting the application...args string : t = \"MCDONALDS SYD AIR GAT MASCOT NSWAU\""
time="2021-04-26 23:03:46" level=info msg="1 Starting the application...args string : t = \"MCDONALDS SYD AIR GAT MASCOT NSWAU\""
time="2021-04-26 23:08:10" level=info msg="1 Starting the application...args string : t = \"MCDONALDS SYD AIR GAT MASCOT NSWAU\""
time="2021-04-26 23:08:57" level=info msg="1 Starting the application...args string : t = \"MCDONALDS SYD AIR GAT MASCOT NSWAU\""
time="2021-04-26 23:09:34" level=error msg="Sig: interrupt, stopping app"
time="2021-04-26 23:10:45" level=info msg="1 Starting the application...args string : t = \"MCDONALDS SYD AIR GAT MASCOT NSWAU\""
time="2021-04-26 23:14:43" level=error msg="Sig: interrupt, stopping app"
time="2021-04-26 23:14:46" level=info msg="1 Starting the application...args string : t = \"MCDONALDS SYD AIR GAT MASCOT NSWAU\" AND c > -15.0"
time="2021-04-26 23:15:20" level=error msg="Sig: interrupt, stopping app"
time="2021-04-26 23:15:22" level=info msg="1 Starting the application...args string : t = \"MCDONALDS SYD AIR GAT MASCOT NSWAU\" AND c < -15.0"
time="2021-04-26 23:15:38" level=error msg="Sig: interrupt, stopping app"
time="2021-04-26 23:15:40" level=info msg="1 Starting the application...args string : t = \"MCDONALDS SYD AIR GAT MASCOT NSWAU\" AND c < -20.0"
time="2021-04-26 23:17:00" level=error msg="Sig: interrupt, stopping app"
time="2021-04-26 23:17:03" level=info msg="1 Starting the application...args string : c > -2000.0"
time="2021-04-26 23:17:37" level=error msg="Sig: interrupt, stopping app"
time="2021-04-26 23:17:40" level=info msg="1 Starting the application...args string : c < -2000.0"
time="2021-04-26 23:18:04" level=error msg="Sig: interrupt, stopping app"
time="2021-04-26 23:18:07" level=info msg="1 Starting the application...args string : c > 0.0"
time="2021-04-26 23:18:15" level=error msg="Sig: interrupt, stopping app"
time="2021-04-26 23:18:25" level=info msg="1 Starting the application...args string : c > 0"
time="2021-04-26 23:18:38" level=error msg="Sig: interrupt, stopping app"
time="2021-04-26 23:18:40" level=info msg="1 Starting the application...args string : c > 10"
time="2021-04-26 23:18:44" level=error msg="Sig: interrupt, stopping app"
time="2021-04-26 23:19:11" level=info msg="1 Starting the application...args string : c > +10"
time="2021-04-27 10:00:26" level=error msg="Sig: interrupt, stopping app"
time="2021-04-27 10:00:29" level=info msg="1 Starting the application...args string : c > +10"
time="2021-04-27 10:00:54" level=info msg="1 Starting the application...args string : c > +10"
time="2021-04-27 10:03:50" level=info msg="1 Starting the application...args string : c > +10"
time="2021-04-27 10:04:49" level=error msg="Sig: interrupt, stopping app"
time="2021-04-27 10:04:50" level=info msg="1 Starting the application...args string : c > +10"
time="2021-04-27 10:07:59" level=error msg="Sig: interrupt, stopping app"
time="2021-04-27 10:08:01" level=info msg="1 Starting the application...args string : c > +10"
time="2021-04-27 10:08:27" level=error msg="Sig: interrupt, stopping app"
time="2021-04-27 10:08:30" level=info msg="1 Starting the application...args string : c > +10"
time="2021-04-27 10:09:33" level=error msg="Sig: interrupt, stopping app"
time="2021-04-27 10:09:36" level=info msg="1 Starting the application...args string : c > +10"
time="2021-04-27 10:09:44" level=error msg="Sig: interrupt, stopping app"
time="2021-04-27 10:10:24" level=info msg="1 Starting the application...args string : c > +10"
time="2021-04-27 10:10:30" level=error msg="Sig: interrupt, stopping app"
time="2021-04-27 10:13:54" level=info msg="1 Starting the application...args string : c > +10"
time="2021-04-27 10:14:09" level=info msg="1 Starting the application...args string : c > +10"
time="2021-04-27 10:38:52" level=info msg="1 Starting the application...args string : c > +10"
time="2021-04-27 10:39:11" level=info msg="1 Starting the application...args string : c > +10"
time="2021-04-27 10:39:27" level=error msg="Sig: interrupt, stopping app"
time="2021-04-27 10:39:42" level=info msg="1 Starting the application...args string : c > +10"
time="2021-04-27 10:40:39" level=info msg="1 Starting the application...args string : third > 0.4 OR first = \"ww\" OR second = \"Keshm\""
time="2021-04-27 10:41:10" level=info msg="1 Starting the application...args string : third > 0.4 OR first = \"ww\" OR second = \"Keshm\""
time="2021-04-27 10:44:36" level=info msg="1 Starting the application...args string : third > 0.4 OR first = \"ww\" OR second = \"Keshm\""
time="2021-04-27 10:45:23" level=info msg="1 Starting the application...args string : third > 0.4 OR first = \"ww\" OR second = \"Keshm\""
time="2021-04-27 10:45:47" level=info msg="1 Starting the application...args string : third > 0.4 OR first = \"ww\" OR second = \"Keshm\""
time="2021-04-27 10:47:00" level=info msg="1 Starting the application...args string : third > 0.4 OR first = \"ww\" OR second = \"Keshm\""
time="2021-04-27 10:48:09" level=info msg="1 Starting the application...args string : third > 0.4 OR first = \"ww\" OR second = \"Keshm\""
time="2021-04-27 11:03:38" level=info msg="1 Starting the application...args string : third > 0.4 OR first = \"ww\" OR second = \"Keshm\""
time="2021-04-27 11:03:59" level=info msg="1 Starting the application...args string : third > 0.4 OR first = \"ww\" OR second = \"Keshm\""
time="2021-04-27 11:17:32" level=info msg="1 Starting the application...args string : third > 0.4 OR first = \"ww\" OR second = \"Keshm\""
time="2021-04-27 11:29:14" level=info msg="1 Starting the application...args string : third > 0.4 OR first = \"ww\" OR second = \"Keshm\""
time="2021-04-27 11:30:58" level=info msg="1 Starting the application...args string : third > 0.4 OR first = \"ww\" OR second = \"Keshm\""
time="2021-04-27 11:34:53" level=info msg="1 Starting the application...args string : third > 0.4 OR first = \"ww\" OR second = \"Keshm\""
time="2021-04-27 11:36:39" level=info msg="1 Starting the application...args string : third > 0.4 OR first = \"ww\" OR second = \"Keshm\""
time="2021-04-27 11:41:12" level=info msg="1 Starting the application...args string : third > 0.4 OR first = \"ww\" OR second = \"Keshm\""
time="2021-04-27 11:41:33" level=info msg="1 Starting the application...args string : third > 0.4 OR first = \"ww\" OR second = \"Keshm\""
time="2021-04-27 11:48:56" level=info msg="1 Starting the application...args string : third > 0.4 OR first = \"ww\" OR second = \"Keshm\""
time="2021-04-27 11:51:29" level=info msg="1 Starting the application...args string : third > 0.4 OR first = \"ww\" OR second = \"Keshm\""
time="2021-04-27 11:52:42" level=info msg="1 Starting the application...args string : third > 0.4 OR first = \"ww\" OR second = \"Keshm\""
time="2021-04-27 11:53:09" level=info msg="1 Starting the application...args string : third > 0.4 OR first = \"ww\" OR second = \"Keshm\""
time="2021-04-27 11:54:21" level=info msg="1 Starting the application...args string : third > 0.4 OR first = \"ww\" OR second = \"Keshm\""
time="2021-04-27 11:56:26" level=info msg="1 Starting the application...args string : third > 0.4 OR first = \"ww\" OR second = \"Keshm\""
time="2021-04-27 11:56:43" level=error msg="Sig: interrupt, stopping app"
time="2021-04-27 11:57:15" level=info msg="1 Starting the application...args string : third > 0.4 OR first = \"ww\" OR second = \"Keshm\""
time="2021-04-27 11:57:41" level=error msg="Sig: interrupt, stopping app"
time="2021-04-27 11:57:43" level=info msg="1 Starting the application...args string : third > 0.4 OR first = \"ww\" OR second = \"Keshm\""
time="2021-04-27 11:57:51" level=error msg="Sig: interrupt, stopping app"
time="2021-04-27 11:57:54" level=info msg="1 Starting the application...args string : third > 0.4 OR first = \"ww\" OR second = \"Keshm\""
time="2021-04-27 11:58:56" level=info msg="1 Starting the application...args string : latitude > 10"
time="2021-04-27 11:59:23" level=error msg="Sig: interrupt, stopping app"
time="2021-04-27 11:59:25" level=info msg="1 Starting the application...args string : latitude > 38"
time="2021-04-27 12:01:39" level=error msg="Sig: interrupt, stopping app"
time="2021-04-27 12:01:41" level=info msg="1 Starting the application...args string : latitude > 38"
time="2021-04-27 12:03:13" level=error msg="Sig: interrupt, stopping app"
time="2021-04-27 12:03:15" level=info msg="1 Starting the application...args string : t = \"MCDONALDS SYD AIR GAT MASCOT NSWAU\" AND c < -20.0"
time="2021-04-27 12:03:46" level=info msg="1 Starting the application...args string : t = \"MCDONALDS SYD AIR GAT MASCOT NSWAU\" AND c < -20.0"
time="2021-04-27 12:05:27" level=info msg="1 Starting the application...args string : t = \"MCDONALDS SYD AIR GAT MASCOT NSWAU\" AND c < -20.0"
time="2021-04-27 12:06:29" level=info msg="1 Starting the application...args string : t = \"MCDONALDS SYD AIR GAT MASCOT NSWAU\" AND c < -20.0"
time="2021-04-27 12:06:41" level=info msg="1 Starting the application...args string : t = \"MCDONALDS SYD AIR GAT MASCOT NSWAU\" AND c < -20.0"
time="2021-04-27 12:14:32" level=info msg="1 Starting the application...args string : t = \"MCDONALDS SYD AIR GAT MASCOT NSWAU\" AND c < -20.0"
time="2021-04-27 12:15:33" level=info msg="1 Starting the application...args string : t = \"MCDONALDS SYD AIR GAT MASCOT NSWAU\" AND c < -20.0"
time="2021-04-27 12:21:53" level=info msg="1 Starting the application...args string : t = \"MCDONALDS SYD AIR GAT MASCOT NSWAU\" AND c < -20.0"
time="2021-04-27 12:23:07" level=info msg="1 Starting the application...args string : t = \"MCDONALDS SYD AIR GAT MASCOT NSWAU\" AND c < -20.0"
time="2021-04-27 12:23:47" level=info msg="1 Starting the application...args string : t = \"MCDONALDS SYD AIR GAT MASCOT NSWAU\" AND c < -20.0"
time="2021-04-27 12:24:27" level=info msg="1 Starting the application...args string : third > 0.4 OR first = \"ww\" OR second = \"Keshm\""
time="2021-04-27 12:24:43" level=error msg="Sig: interrupt, stopping app"
time="2021-04-27 12:24:45" level=info msg="1 Starting the application...args string : third < 0.4 OR first = \"ww\" OR second = \"Keshm\""
time="2021-04-27 12:24:49" level=error msg="Sig: interrupt, stopping app"
time="2021-04-27 12:25:03" level=info msg="1 Starting the application...args string : third < 0.4 OR first = \"ww\" OR second = \"Kesha\""
time="2021-04-27 12:25:11" level=error msg="Sig: interrupt, stopping app"
time="2021-04-27 12:26:04" level=info msg="1 Starting the application...args string : third < 0.4 OR first = \"ww\" OR second = \"Kesha\""
time="2021-04-27 12:26:22" level=error msg="Sig: interrupt, stopping app"
time="2021-04-27 12:26:24" level=info msg="1 Starting the application...args string : third < 0.4 OR first = \"www\" OR second = \"Kesha\""
time="2021-04-27 12:39:29" level=error msg="Sig: interrupt, stopping app"
time="2021-04-27 12:47:05" level=info msg="1 Starting the application...args string : third < 0.4 OR first = \"www\" OR second = \"Kesha\""
time="2021-04-27 12:47:44" level=error msg="Sig: interrupt, stopping app"
time="2021-04-27 12:47:47" level=info msg="1 Starting the application...args string : third > 0.4 OR first = \"www\" OR second = \"Kesha\""
time="2021-04-27 12:48:50" level=error msg="Sig: interrupt, stopping app"
time="2021-04-27 12:48:55" level=info msg="1 Starting the application...args string : third > 0.4 OR first = \"www\" OR second = \"Kesha\""
time="2021-04-27 12:50:16" level=info msg="1 Starting the application...args string : third > 0.4 OR first = \"www\" OR second = \"Kesha\""
time="2021-04-27 12:50:59" level=error msg="Sig: interrupt, stopping app"
time="2021-04-27 12:51:20" level=info msg="1 Starting the application...args string : third > 0.4 OR first = \"www\" OR second = \"Kesha\""
time="2021-04-27 12:51:31" level=error msg="Sig: interrupt, stopping app"
time="2021-04-27 12:58:27" level=info msg="1 Starting the application...args string : third > 0.4 OR first = \"www\" OR second = \"Kesha\""
time="2021-04-27 12:58:49" level=error msg="Sig: interrupt, stopping app"
time="2021-04-27 12:58:51" level=info msg="1 Starting the application...args string : third > 0.4 OR first = \"www\" OR second = \"Kesha\""
time="2021-04-27 12:59:15" level=error msg="Sig: interrupt, stopping app"
time="2021-04-27 12:59:31" level=info msg="1 Starting the application...args string : third > 0.4 OR first = \"www\" OR second = \"Kesha\""
time="2021-04-27 12:59:35" level=error msg="Sig: interrupt, stopping app"
time="2021-04-27 13:01:06" level=info msg="1 Starting the application...args string : t = \"MCDONALDS SYD AIR GAT MASCOT NSWAU\" AND c < -20.0"
time="2021-04-27 13:01:26" level=error msg="Sig: interrupt, stopping app"
time="2021-04-27 13:01:28" level=info msg="1 Starting the application...args string : t = \"MCDONALDS SYD AIR GAT MASCOT NSWAU\" AND c < -30.0"
time="2021-04-27 13:01:53" level=error msg="Sig: interrupt, stopping app"
time="2021-04-27 13:01:55" level=info msg="1 Starting the application...args string : t = \"MCDONALDS SYD AIR GAT MASCOT NSWAU\" AND c = -26.0"
time="2021-04-27 13:02:04" level=error msg="Sig: interrupt, stopping app"
time="2021-04-27 13:02:06" level=info msg="1 Starting the application...args string : t = \"MCDONALDS SYD AIR GAT MASCOT NSWAU\" AND c = 26.0"
time="2021-04-27 13:02:19" level=error msg="Sig: interrupt, stopping app"
time="2021-04-27 13:02:21" level=info msg="1 Starting the application...args string : t = \"MCDONALDS SYD AIR GAT MASCOT NSWAU\" AND c = -26.00"
time="2021-04-27 13:03:04" level=error msg="Sig: interrupt, stopping app"
time="2021-04-27 13:03:05" level=info msg="1 Starting the application...args string : t = \"MCDONALDS SYD AIR GAT MASCOT NSWAU\" AND date > 05/12/2020"
time="2021-04-27 13:03:24" level=error msg="Sig: interrupt, stopping app"
time="2021-04-27 13:03:26" level=info msg="1 Starting the application...args string : t = \"MCDONALDS SYD AIR GAT MASCOT NSWAU\" AND date = 05/12/2020"
time="2021-04-27 13:03:38" level=error msg="Sig: interrupt, stopping app"
time="2021-04-27 13:03:39" level=info msg="1 Starting the application...args string : t = \"MCDONALDS SYD AIR GAT MASCOT NSWAU\" AND date = 05/12/2021"
time="2021-04-27 13:03:50" level=error msg="Sig: interrupt, stopping app"
time="2021-04-27 13:03:52" level=info msg="1 Starting the application...args string : t = \"MCDONALDS SYD AIR GAT MASCOT NSWAU\" AND date < 05/12/2021"
time="2021-04-27 13:04:45" level=error msg="Sig: interrupt, stopping app"
time="2021-04-27 13:04:48" level=info msg="1 Starting the application...args string : t = \"MCDONALDS SYD AIR GAT MASCOT NSWAU\""
time="2021-04-27 13:11:55" level=error msg="Sig: interrupt, stopping app"
time="2021-04-27 13:11:57" level=info msg="1 Starting the application...args string : latitude > 38"
time="2021-04-27 13:14:49" level=error msg="Sig: interrupt, stopping app"
time="2021-04-27 13:15:05" level=info msg="1 Starting the application...args string : latitude > 38"
time="2021-04-27 13:16:20" level=info msg="1 Starting the application...args string : latitude > 38"
time="2021-04-27 13:43:19" level=info msg="1 Starting the application...args string : latitude > 38"
time="2021-04-27 13:43:24" level=error msg="Sig: interrupt, stopping app"
time="2021-04-27 13:43:28" level=info msg="1 Starting the application...args string : latitude > 38"
time="2021-04-27 13:43:31" level=error msg="Sig: interrupt, stopping app"
time="2021-04-27 13:43:39" level=info msg="1 Starting the application...args string : latitude > 38"
time="2021-04-27 13:44:27" level=info msg="1 Starting the application...args string : latitude > 38"
time="2021-04-27 13:45:22" level=info msg="1 Starting the application...args string : latitude > 38"
time="2021-04-27 13:47:44" level=error msg="Sig: interrupt, stopping app"
time="2021-04-27 13:48:11" level=info msg="1 Starting the application...args string : latitude > 38"
time="2021-04-27 15:31:15" level=info msg="1 Starting the application...args string : latitude > 38"
time="2021-04-27 15:31:22" level=error msg="Sig: interrupt, stopping app"
time="2021-04-27 15:34:21" level=info msg="1 Starting the application...args string : latitude > 38"
time="2021-04-27 15:48:45" level=info msg="1 Starting the application...args string : latitude > 38"
time="2021-04-27 15:49:19" level=info msg="1 Starting the application...args string : latitude > 38"
time="2021-04-27 15:52:28" level=info msg="1 Starting the application...args string : latitude > 38"
time="2021-04-27 15:54:04" level=info msg="1 Starting the application...args string : latitude > 38"
time="2021-04-27 15:54:33" level=info msg="1 Starting the application...args string : latitude > 38"
time="2021-04-27 15:55:01" level=info msg="1 Starting the application...args string : latitude > 38"
time="2021-04-27 15:55:43" level=error msg="Sig: interrupt, stopping app"
time="2021-04-27 15:55:46" level=info msg="1 Starting the application...args string : latitude > 38.00"
time="2021-04-27 15:56:50" level=error msg="Sig: interrupt, stopping app"
time="2021-04-27 15:56:52" level=info msg="1 Starting the application...args string : third > 0.4 OR first = \"www\" OR second = \"Kesha\""
time="2021-04-27 15:57:15" level=error msg="Sig: interrupt, stopping app"
time="2021-04-27 15:57:18" level=info msg="1 Starting the application...args string : third > 0.4 AND first = \"www\" OR second = \"Kesha\""
time="2021-04-27 16:25:22" level=error msg="Sig: interrupt, stopping app"
time="2021-04-27 16:25:37" level=info msg="1 Starting the application...args string : third > 0.4 AND first = \"www\" OR second = \"Kesha\""
time="2021-04-27 16:25:41" level=error msg="Sig: interrupt, stopping app"
time="2021-04-27 16:40:58" level=info msg="1 Starting the application...args string : third > 0.4 AND first = \"www\" OR second = \"Kesha\""
time="2021-04-27 16:41:11" level=error msg="Sig: interrupt, stopping app"
time="2021-04-27 16:44:32" level=info msg="1 Starting the application...args string : third > 0.4 AND first = \"www\" OR second = \"Kesha\""
time="2021-04-27 16:44:38" level=error msg="Sig: interrupt, stopping app"
time="2021-04-27 16:45:18" level=info msg="1 Starting the application...args string : third > 0.4 AND first = \"www\" OR second = \"Kesha\""
time="2021-04-27 16:46:56" level=error msg="Sig: interrupt, stopping app"
time="2021-04-27 16:46:58" level=info msg="1 Starting the application...args string : crimedescr = \"459 PC  BURGLARY VEHICLE\""
time="2021-04-27 18:04:55" level=error msg="Sig: interrupt, stopping app"
time="2021-04-28 17:04:36" level=info msg="1 Starting the application...args string : crimedescr = \"459 PC  BURGLARY VEHICLE\""
time="2021-04-28 17:05:00" level=error msg="Sig: interrupt, stopping app"
time="2021-04-28 17:05:08" level=info msg="1 Starting the application...args string : crimedescr = \"459 PC  BURGLARY VEHICLE\""
time="2021-04-28 17:05:17" level=error msg="Sig: interrupt, stopping app"
time="2021-04-28 17:17:13" level=info msg="1 Starting the application...args string : crimedescr = \"459 PC  BURGLARY VEHICLE\""
time="2021-04-28 17:17:13" level=info msg="Finished the application.."
time="2021-04-28 17:19:50" level=info msg="1 Starting the application...args string : crimedescr = \"459 PC  BURGLARY VEHICLE\""
time="2021-04-28 17:19:51" level=info msg="Finished the application.."
time="2021-04-28 17:19:59" level=info msg="1 Starting the application...args string : crimedescr = \"459 PC  BURGLARY VEHICLE\""
time="2021-04-28 17:20:00" level=info msg="Finished the application.."
time="2021-04-28 17:20:33" level=info msg="1 Starting the application...args string : crimedescr = \"459 PC  BURGLARY VEHICLE\""
time="2021-04-28 17:20:35" level=info msg="Finished the application.."
time="2021-04-28 17:20:42" level=info msg="1 Starting the application...args string : crimedescr = \"459 PC  BURGLARY VEHICLE\""
time="2021-04-28 17:20:47" level=info msg="Finished the application.."
time="2021-04-28 17:20:59" level=info msg="1 Starting the application...args string : crimedescr = \"459 PC  BURGLARY VEHICLE\""
time="2021-04-28 17:21:04" level=info msg="Finished the application.."
time="2021-04-28 17:21:08" level=info msg="1 Starting the application...args string : crimedescr = \"459 PC  BURGLARY VEHICLE\""
time="2021-04-28 17:21:13" level=info msg="Finished the application.."
time="2021-04-28 17:21:21" level=info msg="1 Starting the application...args string : crimedescr = \"459 PC  BURGLARY VEHICLE\""
time="2021-04-28 17:21:26" level=info msg="Finished the application.."
time="2021-04-28 17:29:38" level=info msg="1 Starting the application...args string : crimedescr = \"459 PC  BURGLARY VEHICLE\""
time="2021-04-28 17:29:43" level=info msg="Finished the application.."
time="2021-04-28 17:30:02" level=info msg="1 Starting the application...args string : crimedescr = \"459 PC  BURGLARY VEHICLE\""
time="2021-04-28 17:30:12" level=info msg="Finished the application.."
time="2021-04-28 17:31:33" level=info msg="1 Starting the application...args string : crimedescr = \"459 PC  BURGLARY VEHICLE\""
time="2021-04-28 17:31:43" level=info msg="Finished the application.."
time="2021-04-28 17:31:48" level=info msg="1 Starting the application...args string : crimedescr = \"459 PC  BURGLARY VEHICLE\""
time="2021-04-28 17:31:54" level=info msg="Finished the application.."
time="2021-04-28 17:32:04" level=info msg="1 Starting the application...args string : crimedescr = \"459 PC  BURGLARY VEHICLE\""
time="2021-04-28 17:32:14" level=info msg="Finished the application.."
time="2021-04-28 17:32:17" level=info msg="1 Starting the application...args string : crimedescr = \"459 PC  BURGLARY VEHICLE\""
time="2021-04-28 17:32:27" level=info msg="Finished the application.."
time="2021-04-28 17:32:43" level=info msg="1 Starting the application...args string : crimedescr = \"459 PC  BURGLARY VEHICLE\""
time="2021-04-28 17:32:53" level=info msg="Finished the application.."
time="2021-04-28 17:32:59" level=info msg="1 Starting the application...args string : crimedescr = \"459 PC  BURGLARY VEHICLE\""
time="2021-04-28 17:33:04" level=info msg="Finished the application.."
time="2021-04-28 17:33:08" level=info msg="1 Starting the application...args string : crimedescr = \"459 PC  BURGLARY VEHICLE\""
time="2021-04-28 17:33:10" level=info msg="Finished the application.."
time="2021-04-28 17:33:13" level=info msg="1 Starting the application...args string : crimedescr = \"459 PC  BURGLARY VEHICLE\""
time="2021-04-28 17:33:14" level=info msg="Finished the application.."
time="2021-04-28 17:33:18" level=info msg="1 Starting the application...args string : crimedescr = \"459 PC  BURGLARY VEHICLE\""
time="2021-04-28 17:33:22" level=info msg="Finished the application.."
time="2021-04-28 17:40:36" level=info msg="1 Starting the application...args string : crimedescr = \"459 PC  BURGLARY VEHICLE\""
time="2021-04-28 17:40:57" level=info msg="Finished the application.."
time="2021-04-28 17:41:05" level=info msg="1 Starting the application...args string : crimedescr = \"459 PC  BURGLARY VEHICLE\""
time="2021-04-28 17:41:24" level=info msg="1 Starting the application...args string : crimedescr = \"459 PC  BURGLARY VEHICLE\""
time="2021-04-28 17:41:34" level=info msg="Finished the application.."
time="2021-04-28 17:41:45" level=info msg="1 Starting the application...args string : crimedescr = \"459 PC  BURGLARY VEHICLE\""
time="2021-04-28 17:42:01" level=info msg="1 Starting the application...args string : crimedescr = \"459 PC  BURGLARY VEHICLE\""
time="2021-04-28 17:42:20" level=info msg="1 Starting the application...args string : crimedescr = \"459 PC  BURGLARY VEHICLE\""
time="2021-04-28 17:44:12" level=info msg="1 Starting the application...args string : crimedescr = \"459 PC  BURGLARY VEHICLE\""
time="2021-04-28 17:44:15" level=info msg="Finished the application.."
time="2021-04-28 17:44:27" level=info msg="1 Starting the application...args string : crimedescr = \"459 PC  BURGLARY VEHICLE\""
time="2021-04-28 17:44:30" level=info msg="Finished the application.."
time="2021-04-28 17:46:20" level=info msg="1 Starting the application...args string : crimedescr = \"459 PC  BURGLARY VEHICLE\""
time="2021-04-28 17:46:23" level=info msg="Finished the application.."
time="2021-04-28 17:47:48" level=info msg="1 Starting the application...args string : crimedescr = \"459 PC  BURGLARY VEHICLE1\""
time="2021-04-28 17:47:51" level=info msg="Finished the application.."
time="2021-04-28 17:48:03" level=info msg="1 Starting the application...args string : crimedescr1 = \"459 PC  BURGLARY VEHICLE\""
time="2021-04-28 17:48:03" level=info msg="Finished the application.."
time="2021-04-28 17:50:03" level=info msg="1 Starting the application...args string : latitude > 38.00"
time="2021-04-28 17:50:06" level=info msg="Finished the application.."
time="2021-04-28 17:50:20" level=info msg="1 Starting the application...args string : latitude; > 38.00"
time="2021-04-28 17:50:20" level=info msg="Finished the application.."
time="2021-04-28 17:50:36" level=info msg="1 Starting the application...args string : latitude = 38.00"
time="2021-04-28 17:50:39" level=info msg="Finished the application.."
time="2021-04-28 17:55:04" level=info msg="1 Starting the application...args string : third > 0.4 AND first = \"www\" OR second = \"Kesha\""
time="2021-04-28 17:55:04" level=info msg="Finished the application.."
time="2021-04-28 17:55:19" level=info msg="1 Starting the application...args string : third > 0.4 AND first = \"www\" OR second = \"Kesha\""
time="2021-04-28 17:55:19" level=info msg="Finished the application.."
time="2021-04-28 17:58:15" level=info msg="1 Starting the application...args string : t = \"MCDONALDS SYD AIR GAT MASCOT NSWAU\""
time="2021-04-28 17:58:18" level=info msg="Finished the application.."
time="2021-04-28 19:24:22" level=info msg="1 Starting the application...args string : crimedescr = \"459 PC  BURGLARY VEHICLE\""
time="2021-04-28 19:24:25" level=info msg="Finished the application.."
time="2021-04-28 19:24:42" level=info msg="1 Starting the application...args string : crimedescr1 = \"459 PC  BURGLARY VEHICLE\""
time="2021-04-28 19:24:42" level=info msg="Finished the application.."
time="2021-04-28 19:24:54" level=info msg="1 Starting the application...args string : crimedescr = \"-459 PC  BURGLARY VEHICLE\""
time="2021-04-28 19:24:57" level=info msg="Finished the application.."
time="2021-04-28 19:25:04" level=info msg="1 Starting the application...args string : crimedescr = \"459 PC  BURGLARY VEHICLE\""
time="2021-04-28 19:25:07" level=info msg="Finished the application.."
time="2021-04-28 19:27:22" level=info msg="1 Starting the application...args string : crimedescr = \"459 PC  BURGLARY VEHICLE\""
time="2021-04-28 19:28:01" level=info msg="1 Starting the application...args string : crimedescr = \"459 PC  BURGLARY VEHICLE\""
time="2021-04-28 19:28:29" level=info msg="1 Starting the application...args string : crimedescr = \"459 PC  BURGLARY VEHICLE\""
time="2021-04-28 19:29:35" level=info msg="1 Starting the application...args string : crimedescr = \"459 PC  BURGLARY VEHICLE\""
time="2021-04-28 19:29:40" level=info msg="Finished the application.."
time="2021-04-28 19:33:52" level=info msg="1 Starting the application...args string : crimedescr = \"459 PC  BURGLARY VEHICLE\""
time="2021-04-28 19:33:53" level=info msg="Finished the application.."
time="2021-04-28 19:34:00" level=info msg="1 Starting the application...args string : crimedescr = \"459 PC  BURGLARY VEHICLE\""
time="2021-04-28 19:34:05" level=info msg="Finished the application.."
time="2021-04-29 13:52:19" level=info msg="1 Starting the application...args string : crimedescr = \"459 PC  BURGLARY VEHICLE\""
time="2021-04-29 13:52:24" level=info msg="Finished the application.."
time="2021-04-29 21:52:20" level=info msg="1 Starting the application...args string : crimedescr = \"459 PC  BURGLARY VEHICLE\""
time="2021-04-29 21:52:25" level=info msg="Finished the application.."
time="2021-04-29 21:57:20" level=info msg="1 Starting the application...args string : crimedescr = \"459 PC  BURGLARY VEHICLE\""
time="2021-04-29 21:57:25" level=info msg="Finished the application.."
